<?xml version="1.0" encoding="UTF-8" standalone="no"?><sentence defaultfontsize="10" file="/Users/brox/trees/data/test/test-student-2.xml" lefttranslate="20" linelength="10" mintextwidth="30" name="test-student-2.xml" toptranslate="20" type="TreeForm"><syntacticstructure lineblue="0" linegreen="0" linered="0" string="1733739128" syntacticlevel="DOUBLE_BAR"><text text="S"><N0 backgroundblue="255" backgroundgreen="255" backgroundred="255" font="Dialog" foregroundblue="0" foregroundgreen="0" foregroundred="0" size="10" style="0" subscript="normal"/></text><syntacticfeaturesets/><syntacticassociations/><starttraces/><endtraces/><syntacticstructure lineblue="0" linegreen="0" linered="0" string="1397059538" syntacticlevel="BAR"><text text="NP "><N0 backgroundblue="255" backgroundgreen="255" backgroundred="255" font="Dialog" foregroundblue="0" foregroundgreen="0" foregroundred="0" size="10" style="0" subscript="normal"/><N1 backgroundblue="255" backgroundgreen="255" backgroundred="255" font="Dialog" foregroundblue="0" foregroundgreen="0" foregroundred="0" size="10" style="0" subscript="normal"/><N2 font="Dialog" size="10" style="0" subscript="normal"/></text><syntacticfeaturesets/><syntacticassociations/><starttraces/><endtraces/><syntacticstructure lineblue="0" linegreen="0" linered="0" string="1393195786" syntacticlevel="MORPH"><text text="Det "><N0 backgroundblue="255" backgroundgreen="255" backgroundred="255" font="Dialog" foregroundblue="0" foregroundgreen="0" foregroundred="0" size="10" style="0" subscript="normal"/><N1 backgroundblue="255" backgroundgreen="255" backgroundred="255" font="Dialog" foregroundblue="0" foregroundgreen="0" foregroundred="0" size="10" style="0" subscript="normal"/><N2 backgroundblue="255" backgroundgreen="255" backgroundred="255" font="Dialog" foregroundblue="0" foregroundgreen="0" foregroundred="0" size="10" style="0" subscript="normal"/><N3 font="Dialog" size="10" style="0" subscript="normal"/></text><syntacticfeaturesets/><syntacticassociations/><starttraces/><endtraces/><syntacticstructure lineblue="0" linegreen="0" linered="0" string="1858029161" syntacticlevel="MORPH"><text text="Una "><N0 backgroundblue="255" backgroundgreen="255" backgroundred="255" font="Dialog" foregroundblue="0" foregroundgreen="0" foregroundred="0" size="10" style="0" subscript="normal"/><N1 backgroundblue="255" backgroundgreen="255" backgroundred="255" font="Dialog" foregroundblue="0" foregroundgreen="0" foregroundred="0" size="10" style="0" subscript="normal"/><N2 backgroundblue="255" backgroundgreen="255" backgroundred="255" font="Dialog" foregroundblue="0" foregroundgreen="0" foregroundred="0" size="10" style="0" subscript="normal"/><N3 font="Dialog" size="10" style="0" subscript="normal"/></text><syntacticfeaturesets/><syntacticassociations/><starttraces/><endtraces/></syntacticstructure></syntacticstructure><syntacticstructure lineblue="0" linegreen="0" linered="0" string="1068174532" syntacticlevel="BAR"><text text="N̅ "><N0 backgroundblue="255" backgroundgreen="255" backgroundred="255" font="Dialog" foregroundblue="0" foregroundgreen="0" foregroundred="0" size="12" style="0" subscript="normal"/><N1 backgroundblue="255" backgroundgreen="255" backgroundred="255" font="Dialog" foregroundblue="0" foregroundgreen="0" foregroundred="0" size="12" style="0" subscript="normal"/><N2 font="Dialog" size="10" style="0" subscript="sub"/></text><syntacticfeaturesets/><syntacticassociations/><starttraces/><endtraces/><syntacticstructure lineblue="0" linegreen="0" linered="0" string="1198051100" syntacticlevel="HEAD"><text text="N "><N0 backgroundblue="255" backgroundgreen="255" backgroundred="255" font="Dialog" foregroundblue="0" foregroundgreen="0" foregroundred="0" size="10" style="0" subscript="normal"/><N1 font="Dialog" size="10" style="0" subscript="normal"/></text><syntacticfeaturesets/><syntacticassociations/><starttraces/><endtraces/><syntacticstructure lineblue="0" linegreen="0" linered="0" string="1203384016" syntacticlevel="MORPH"><text text="mujer "><N0 backgroundblue="255" backgroundgreen="255" backgroundred="255" font="Dialog" foregroundblue="0" foregroundgreen="0" foregroundred="0" size="10" style="0" subscript="normal"/><N1 backgroundblue="255" backgroundgreen="255" backgroundred="255" font="Dialog" foregroundblue="0" foregroundgreen="0" foregroundred="0" size="10" style="0" subscript="normal"/><N2 backgroundblue="255" backgroundgreen="255" backgroundred="255" font="Dialog" foregroundblue="0" foregroundgreen="0" foregroundred="0" size="10" style="0" subscript="normal"/><N3 backgroundblue="255" backgroundgreen="255" backgroundred="255" font="Dialog" foregroundblue="0" foregroundgreen="0" foregroundred="0" size="10" style="0" subscript="normal"/><N4 backgroundblue="255" backgroundgreen="255" backgroundred="255" font="Dialog" foregroundblue="0" foregroundgreen="0" foregroundred="0" size="10" style="0" subscript="normal"/><N5 font="Dialog" size="10" style="0" subscript="normal"/></text><syntacticfeaturesets/><syntacticassociations/><starttraces/><endtraces/></syntacticstructure></syntacticstructure><syntacticstructure lineblue="0" linegreen="0" linered="0" string="1403171904" syntacticlevel="DOUBLE_BAR"><text text="AP"><N0 backgroundblue="255" backgroundgreen="255" backgroundred="255" font="Dialog" foregroundblue="0" foregroundgreen="0" foregroundred="0" size="10" style="0" subscript="normal"/><N1 backgroundblue="255" backgroundgreen="255" backgroundred="255" font="Dialog" foregroundblue="0" foregroundgreen="0" foregroundred="0" size="10" style="0" subscript="normal"/></text><syntacticfeaturesets/><syntacticassociations/><starttraces/><endtraces/><syntacticstructure lineblue="0" linegreen="0" linered="0" string="872964060" syntacticlevel="HEAD"><text text="Adj "><N0 backgroundblue="255" backgroundgreen="255" backgroundred="255" font="Dialog" foregroundblue="0" foregroundgreen="0" foregroundred="0" size="10" style="0" subscript="normal"/><N1 backgroundblue="255" backgroundgreen="255" backgroundred="255" font="Dialog" foregroundblue="0" foregroundgreen="0" foregroundred="0" size="10" style="0" subscript="normal"/><N2 backgroundblue="255" backgroundgreen="255" backgroundred="255" font="Dialog" foregroundblue="0" foregroundgreen="0" foregroundred="0" size="10" style="0" subscript="normal"/><N3 font="Dialog" size="10" style="0" subscript="normal"/></text><syntacticfeaturesets/><syntacticassociations/><starttraces/><endtraces/><syntacticstructure lineblue="0" linegreen="0" linered="0" string="899245678" syntacticlevel="HEAD"><text text="alemana "><N0 backgroundblue="255" backgroundgreen="255" backgroundred="255" font="Dialog" foregroundblue="0" foregroundgreen="0" foregroundred="0" size="10" style="0" subscript="normal"/><N1 backgroundblue="255" backgroundgreen="255" backgroundred="255" font="Dialog" foregroundblue="0" foregroundgreen="0" foregroundred="0" size="10" style="0" subscript="normal"/><N2 backgroundblue="255" backgroundgreen="255" backgroundred="255" font="Dialog" foregroundblue="0" foregroundgreen="0" foregroundred="0" size="10" style="0" subscript="normal"/><N3 backgroundblue="255" backgroundgreen="255" backgroundred="255" font="Dialog" foregroundblue="0" foregroundgreen="0" foregroundred="0" size="10" style="0" subscript="normal"/><N4 backgroundblue="255" backgroundgreen="255" backgroundred="255" font="Dialog" foregroundblue="0" foregroundgreen="0" foregroundred="0" size="10" style="0" subscript="normal"/><N5 backgroundblue="255" backgroundgreen="255" backgroundred="255" font="Dialog" foregroundblue="0" foregroundgreen="0" foregroundred="0" size="10" style="0" subscript="normal"/><N6 backgroundblue="255" backgroundgreen="255" backgroundred="255" font="Dialog" foregroundblue="0" foregroundgreen="0" foregroundred="0" size="10" style="0" subscript="normal"/><N7 font="Dialog" size="10" style="0" subscript="normal"/></text><syntacticfeaturesets/><syntacticassociations/><starttraces/><endtraces/></syntacticstructure></syntacticstructure><syntacticstructure lineblue="0" linegreen="0" linered="0" string="591598243" syntacticlevel="HEAD"><text text="AdvP "><N0 backgroundblue="255" backgroundgreen="255" backgroundred="255" font="Dialog" foregroundblue="0" foregroundgreen="0" foregroundred="0" size="10" style="0" subscript="normal"/><N1 backgroundblue="255" backgroundgreen="255" backgroundred="255" font="Dialog" foregroundblue="0" foregroundgreen="0" foregroundred="0" size="10" style="0" subscript="normal"/><N2 backgroundblue="255" backgroundgreen="255" backgroundred="255" font="Dialog" foregroundblue="0" foregroundgreen="0" foregroundred="0" size="10" style="0" subscript="normal"/><N3 backgroundblue="255" backgroundgreen="255" backgroundred="255" font="Dialog" foregroundblue="0" foregroundgreen="0" foregroundred="0" size="10" style="0" subscript="normal"/><N4 font="Dialog" size="10" style="0" subscript="normal"/></text><syntacticfeaturesets/><syntacticassociations/><starttraces/><endtraces/><syntacticstructure lineblue="0" linegreen="0" linered="0" string="1694872127" syntacticlevel="HEAD"><text text="adv "><N0 backgroundblue="255" backgroundgreen="255" backgroundred="255" font="Dialog" foregroundblue="0" foregroundgreen="0" foregroundred="0" size="10" style="0" subscript="normal"/><N1 backgroundblue="255" backgroundgreen="255" backgroundred="255" font="Dialog" foregroundblue="0" foregroundgreen="0" foregroundred="0" size="10" style="0" subscript="normal"/><N2 backgroundblue="255" backgroundgreen="255" backgroundred="255" font="Dialog" foregroundblue="0" foregroundgreen="0" foregroundred="0" size="10" style="0" subscript="normal"/><N3 font="Dialog" size="10" style="0" subscript="normal"/></text><syntacticfeaturesets/><syntacticassociations/><starttraces/><endtraces/><syntacticstructure lineblue="0" linegreen="0" linered="0" string="327542780" syntacticlevel="MORPH"><text text="muy "><N0 backgroundblue="255" backgroundgreen="255" backgroundred="255" font="Dialog" foregroundblue="0" foregroundgreen="0" foregroundred="0" size="10" style="0" subscript="normal"/><N1 backgroundblue="255" backgroundgreen="255" backgroundred="255" font="Dialog" foregroundblue="0" foregroundgreen="0" foregroundred="0" size="10" style="0" subscript="normal"/><N2 backgroundblue="255" backgroundgreen="255" backgroundred="255" font="Dialog" foregroundblue="0" foregroundgreen="0" foregroundred="0" size="10" style="0" subscript="normal"/><N3 font="Dialog" size="10" style="0" subscript="normal"/></text><syntacticfeaturesets/><syntacticassociations/><starttraces/><endtraces/></syntacticstructure></syntacticstructure><syntacticstructure lineblue="0" linegreen="0" linered="0" string="1834043892" syntacticlevel="HEAD"><text text="adj "><N0 backgroundblue="255" backgroundgreen="255" backgroundred="255" font="Dialog" foregroundblue="0" foregroundgreen="0" foregroundred="0" size="10" style="0" subscript="normal"/><N1 backgroundblue="255" backgroundgreen="255" backgroundred="255" font="Dialog" foregroundblue="0" foregroundgreen="0" foregroundred="0" size="10" style="0" subscript="normal"/><N2 backgroundblue="255" backgroundgreen="255" backgroundred="255" font="Dialog" foregroundblue="0" foregroundgreen="0" foregroundred="0" size="10" style="0" subscript="normal"/><N3 font="Dialog" size="10" style="0" subscript="normal"/></text><syntacticfeaturesets/><syntacticassociations/><starttraces/><endtraces/><syntacticstructure lineblue="0" linegreen="0" linered="0" string="1446807799" syntacticlevel="MORPH"><text text="inteligente "><N0 backgroundblue="255" backgroundgreen="255" backgroundred="255" font="Dialog" foregroundblue="0" foregroundgreen="0" foregroundred="0" size="10" style="0" subscript="normal"/><N1 backgroundblue="255" backgroundgreen="255" backgroundred="255" font="Dialog" foregroundblue="0" foregroundgreen="0" foregroundred="0" size="10" style="0" subscript="normal"/><N2 backgroundblue="255" backgroundgreen="255" backgroundred="255" font="Dialog" foregroundblue="0" foregroundgreen="0" foregroundred="0" size="10" style="0" subscript="normal"/><N3 backgroundblue="255" backgroundgreen="255" backgroundred="255" font="Dialog" foregroundblue="0" foregroundgreen="0" foregroundred="0" size="10" style="0" subscript="normal"/><N4 backgroundblue="255" backgroundgreen="255" backgroundred="255" font="Dialog" foregroundblue="0" foregroundgreen="0" foregroundred="0" size="10" style="0" subscript="normal"/><N5 backgroundblue="255" backgroundgreen="255" backgroundred="255" font="Dialog" foregroundblue="0" foregroundgreen="0" foregroundred="0" size="10" style="0" subscript="normal"/><N6 backgroundblue="255" backgroundgreen="255" backgroundred="255" font="Dialog" foregroundblue="0" foregroundgreen="0" foregroundred="0" size="10" style="0" subscript="normal"/><N7 backgroundblue="255" backgroundgreen="255" backgroundred="255" font="Dialog" foregroundblue="0" foregroundgreen="0" foregroundred="0" size="10" style="0" subscript="normal"/><N8 backgroundblue="255" backgroundgreen="255" backgroundred="255" font="Dialog" foregroundblue="0" foregroundgreen="0" foregroundred="0" size="10" style="0" subscript="normal"/><N9 backgroundblue="255" backgroundgreen="255" backgroundred="255" font="Dialog" foregroundblue="0" foregroundgreen="0" foregroundred="0" size="10" style="0" subscript="normal"/><N10 backgroundblue="255" backgroundgreen="255" backgroundred="255" font="Dialog" foregroundblue="0" foregroundgreen="0" foregroundred="0" size="10" style="0" subscript="normal"/><N11 font="Dialog" size="10" style="0" subscript="normal"/></text><syntacticfeaturesets/><syntacticassociations/><starttraces/><endtraces/></syntacticstructure></syntacticstructure></syntacticstructure></syntacticstructure></syntacticstructure></syntacticstructure><syntacticstructure lineblue="0" linegreen="0" linered="0" string="509631557" syntacticlevel="BAR"><text text="VP "><N0 backgroundblue="255" backgroundgreen="255" backgroundred="255" font="Dialog" foregroundblue="0" foregroundgreen="0" foregroundred="0" size="10" style="0" subscript="normal"/><N1 backgroundblue="255" backgroundgreen="255" backgroundred="255" font="Dialog" foregroundblue="0" foregroundgreen="0" foregroundred="0" size="10" style="0" subscript="normal"/><N2 font="Dialog" size="10" style="0" subscript="sub"/></text><syntacticfeaturesets/><syntacticassociations/><starttraces/><endtraces/><syntacticstructure lineblue="0" linegreen="0" linered="0" string="577172082" syntacticlevel="BAR"><text text="VP"><N0 backgroundblue="255" backgroundgreen="255" backgroundred="255" font="Dialog" foregroundblue="0" foregroundgreen="0" foregroundred="0" size="10" style="0" subscript="normal"/><N1 backgroundblue="255" backgroundgreen="255" backgroundred="255" font="Dialog" foregroundblue="0" foregroundgreen="0" foregroundred="0" size="10" style="0" subscript="normal"/></text><syntacticfeaturesets/><syntacticassociations/><starttraces/><endtraces/><syntacticstructure lineblue="0" linegreen="0" linered="0" string="1159659811" syntacticlevel="HEAD"><text text="V̅ "><N0 backgroundblue="255" backgroundgreen="255" backgroundred="255" font="Dialog" foregroundblue="0" foregroundgreen="0" foregroundred="0" size="10" style="0" subscript="normal"/><N1 backgroundblue="255" backgroundgreen="255" backgroundred="255" font="Dialog" foregroundblue="0" foregroundgreen="0" foregroundred="0" size="10" style="0" subscript="normal"/><N2 font="Dialog" size="10" style="0" subscript="normal"/></text><syntacticfeaturesets/><syntacticassociations/><starttraces/><endtraces/><syntacticstructure lineblue="0" linegreen="0" linered="0" string="2010530375" syntacticlevel="HEAD"><text text="V "><N0 backgroundblue="255" backgroundgreen="255" backgroundred="255" font="Dialog" foregroundblue="0" foregroundgreen="0" foregroundred="0" size="10" style="0" subscript="normal"/><N1 font="Dialog" size="10" style="0" subscript="normal"/></text><syntacticfeaturesets/><syntacticassociations/><starttraces/><endtraces/><syntacticstructure lineblue="0" linegreen="0" linered="0" string="1808312972" syntacticlevel="HEAD"><text text="viajaba "><N0 backgroundblue="255" backgroundgreen="255" backgroundred="255" font="Dialog" foregroundblue="0" foregroundgreen="0" foregroundred="0" size="10" style="0" subscript="normal"/><N1 backgroundblue="255" backgroundgreen="255" backgroundred="255" font="Dialog" foregroundblue="0" foregroundgreen="0" foregroundred="0" size="10" style="0" subscript="normal"/><N2 backgroundblue="255" backgroundgreen="255" backgroundred="255" font="Dialog" foregroundblue="0" foregroundgreen="0" foregroundred="0" size="10" style="0" subscript="normal"/><N3 backgroundblue="255" backgroundgreen="255" backgroundred="255" font="Dialog" foregroundblue="0" foregroundgreen="0" foregroundred="0" size="10" style="0" subscript="normal"/><N4 backgroundblue="255" backgroundgreen="255" backgroundred="255" font="Dialog" foregroundblue="0" foregroundgreen="0" foregroundred="0" size="10" style="0" subscript="normal"/><N5 backgroundblue="255" backgroundgreen="255" backgroundred="255" font="Dialog" foregroundblue="0" foregroundgreen="0" foregroundred="0" size="10" style="0" subscript="normal"/><N6 backgroundblue="255" backgroundgreen="255" backgroundred="255" font="Dialog" foregroundblue="0" foregroundgreen="0" foregroundred="0" size="10" style="0" subscript="normal"/><N7 font="Dialog" size="10" style="0" subscript="normal"/></text><syntacticfeaturesets/><syntacticassociations/><starttraces/><endtraces/></syntacticstructure></syntacticstructure></syntacticstructure><syntacticstructure lineblue="0" linegreen="0" linered="0" string="2116563173" syntacticlevel="BAR"><text text="PrepP"><N0 backgroundblue="255" backgroundgreen="255" backgroundred="255" font="Dialog" foregroundblue="0" foregroundgreen="0" foregroundred="0" size="10" style="0" subscript="normal"/><N1 backgroundblue="255" backgroundgreen="255" backgroundred="255" font="Dialog" foregroundblue="0" foregroundgreen="0" foregroundred="0" size="10" style="0" subscript="normal"/><N2 backgroundblue="255" backgroundgreen="255" backgroundred="255" font="Dialog" foregroundblue="0" foregroundgreen="0" foregroundred="0" size="10" style="0" subscript="normal"/><N3 backgroundblue="255" backgroundgreen="255" backgroundred="255" font="Dialog" foregroundblue="0" foregroundgreen="0" foregroundred="0" size="10" style="0" subscript="normal"/><N4 backgroundblue="255" backgroundgreen="255" backgroundred="255" font="Dialog" foregroundblue="0" foregroundgreen="0" foregroundred="0" size="10" style="0" subscript="normal"/></text><syntacticfeaturesets/><syntacticassociations/><starttraces/><endtraces/><syntacticstructure lineblue="0" linegreen="0" linered="0" string="1132671002" syntacticlevel="HEAD"><text text="P "><N0 backgroundblue="255" backgroundgreen="255" backgroundred="255" font="Dialog" foregroundblue="0" foregroundgreen="0" foregroundred="0" size="10" style="0" subscript="normal"/><N1 font="Dialog" size="10" style="0" subscript="normal"/></text><syntacticfeaturesets/><syntacticassociations/><starttraces/><endtraces/><syntacticstructure lineblue="0" linegreen="0" linered="0" string="100832855" syntacticlevel="HEAD"><text text="por "><N0 backgroundblue="255" backgroundgreen="255" backgroundred="255" font="Dialog" foregroundblue="0" foregroundgreen="0" foregroundred="0" size="10" style="0" subscript="normal"/><N1 backgroundblue="255" backgroundgreen="255" backgroundred="255" font="Dialog" foregroundblue="0" foregroundgreen="0" foregroundred="0" size="10" style="0" subscript="normal"/><N2 backgroundblue="255" backgroundgreen="255" backgroundred="255" font="Dialog" foregroundblue="0" foregroundgreen="0" foregroundred="0" size="10" style="0" subscript="normal"/><N3 font="Dialog" size="10" style="0" subscript="normal"/></text><syntacticfeaturesets/><syntacticassociations/><starttraces/><endtraces/></syntacticstructure></syntacticstructure><syntacticstructure lineblue="0" linegreen="0" linered="0" string="682676433" syntacticlevel="BAR"><text text="NP "><N0 backgroundblue="255" backgroundgreen="255" backgroundred="255" font="Dialog" foregroundblue="0" foregroundgreen="0" foregroundred="0" size="10" style="0" subscript="normal"/><N1 backgroundblue="255" backgroundgreen="255" backgroundred="255" font="Dialog" foregroundblue="0" foregroundgreen="0" foregroundred="0" size="10" style="0" subscript="normal"/><N2 font="Dialog" size="10" style="0" subscript="normal"/></text><syntacticfeaturesets/><syntacticassociations/><starttraces/><endtraces/><syntacticstructure lineblue="0" linegreen="0" linered="0" string="388002362" syntacticlevel="HEAD"><text text="N "><N0 backgroundblue="255" backgroundgreen="255" backgroundred="255" font="Dialog" foregroundblue="0" foregroundgreen="0" foregroundred="0" size="10" style="0" subscript="normal"/><N1 font="Dialog" size="10" style="0" subscript="normal"/></text><syntacticfeaturesets/><syntacticassociations/><starttraces/><endtraces/><syntacticstructure lineblue="0" linegreen="0" linered="0" string="1308197668" syntacticlevel="MORPH"><text text="Extremadura "><N0 backgroundblue="255" backgroundgreen="255" backgroundred="255" font="Dialog" foregroundblue="0" foregroundgreen="0" foregroundred="0" size="10" style="0" subscript="normal"/><N1 backgroundblue="255" backgroundgreen="255" backgroundred="255" font="Dialog" foregroundblue="0" foregroundgreen="0" foregroundred="0" size="10" style="0" subscript="normal"/><N2 backgroundblue="255" backgroundgreen="255" backgroundred="255" font="Dialog" foregroundblue="0" foregroundgreen="0" foregroundred="0" size="10" style="0" subscript="normal"/><N3 backgroundblue="255" backgroundgreen="255" backgroundred="255" font="Dialog" foregroundblue="0" foregroundgreen="0" foregroundred="0" size="10" style="0" subscript="normal"/><N4 backgroundblue="255" backgroundgreen="255" backgroundred="255" font="Dialog" foregroundblue="0" foregroundgreen="0" foregroundred="0" size="10" style="0" subscript="normal"/><N5 backgroundblue="255" backgroundgreen="255" backgroundred="255" font="Dialog" foregroundblue="0" foregroundgreen="0" foregroundred="0" size="10" style="0" subscript="normal"/><N6 backgroundblue="255" backgroundgreen="255" backgroundred="255" font="Dialog" foregroundblue="0" foregroundgreen="0" foregroundred="0" size="10" style="0" subscript="normal"/><N7 backgroundblue="255" backgroundgreen="255" backgroundred="255" font="Dialog" foregroundblue="0" foregroundgreen="0" foregroundred="0" size="10" style="0" subscript="normal"/><N8 backgroundblue="255" backgroundgreen="255" backgroundred="255" font="Dialog" foregroundblue="0" foregroundgreen="0" foregroundred="0" size="10" style="0" subscript="normal"/><N9 backgroundblue="255" backgroundgreen="255" backgroundred="255" font="Dialog" foregroundblue="0" foregroundgreen="0" foregroundred="0" size="10" style="0" subscript="normal"/><N10 backgroundblue="255" backgroundgreen="255" backgroundred="255" font="Dialog" foregroundblue="0" foregroundgreen="0" foregroundred="0" size="10" style="0" subscript="normal"/><N11 font="Dialog" size="10" style="0" subscript="normal"/></text><syntacticfeaturesets/><syntacticassociations/><starttraces/><endtraces/></syntacticstructure></syntacticstructure></syntacticstructure></syntacticstructure></syntacticstructure><syntacticstructure lineblue="0" linegreen="0" linered="0" string="1608193250" syntacticlevel="HEAD"><text text="Conj"><N0 backgroundblue="255" backgroundgreen="255" backgroundred="255" font="Dialog" foregroundblue="0" foregroundgreen="0" foregroundred="0" size="10" style="0" subscript="normal"/><N1 backgroundblue="255" backgroundgreen="255" backgroundred="255" font="Dialog" foregroundblue="0" foregroundgreen="0" foregroundred="0" size="10" style="0" subscript="normal"/><N2 backgroundblue="255" backgroundgreen="255" backgroundred="255" font="Dialog" foregroundblue="0" foregroundgreen="0" foregroundred="0" size="10" style="0" subscript="normal"/><N3 backgroundblue="255" backgroundgreen="255" backgroundred="255" font="Dialog" foregroundblue="0" foregroundgreen="0" foregroundred="0" size="10" style="0" subscript="normal"/></text><syntacticfeaturesets/><syntacticassociations/><starttraces/><endtraces/><syntacticstructure lineblue="0" linegreen="0" linered="0" string="1908629904" syntacticlevel="MORPH"><text text="y "><N0 backgroundblue="255" backgroundgreen="255" backgroundred="255" font="Dialog" foregroundblue="0" foregroundgreen="0" foregroundred="0" size="10" style="0" subscript="normal"/><N1 font="Dialog" size="10" style="0" subscript="normal"/></text><syntacticfeaturesets/><syntacticassociations/><starttraces/><endtraces/></syntacticstructure></syntacticstructure><syntacticstructure lineblue="0" linegreen="0" linered="0" string="1709599792" syntacticlevel="DOUBLE_BAR"><text text="VP"><N0 backgroundblue="255" backgroundgreen="255" backgroundred="255" font="Dialog" foregroundblue="0" foregroundgreen="0" foregroundred="0" size="10" style="0" subscript="normal"/><N1 backgroundblue="255" backgroundgreen="255" backgroundred="255" font="Dialog" foregroundblue="0" foregroundgreen="0" foregroundred="0" size="10" style="0" subscript="normal"/></text><syntacticfeaturesets/><syntacticassociations/><starttraces/><endtraces/><syntacticstructure lineblue="0" linegreen="0" linered="0" string="1686577931" syntacticlevel="HEAD"><text text="V "><N0 backgroundblue="255" backgroundgreen="255" backgroundred="255" font="Dialog" foregroundblue="0" foregroundgreen="0" foregroundred="0" size="10" style="0" subscript="normal"/><N1 font="Dialog" size="10" style="0" subscript="normal"/></text><syntacticfeaturesets/><syntacticassociations/><starttraces/><endtraces/><syntacticstructure lineblue="0" linegreen="0" linered="0" string="1677477757" syntacticlevel="HEAD"><text text="entrevistaba "><N0 backgroundblue="255" backgroundgreen="255" backgroundred="255" font="Dialog" foregroundblue="0" foregroundgreen="0" foregroundred="0" size="10" style="0" subscript="normal"/><N1 backgroundblue="255" backgroundgreen="255" backgroundred="255" font="Dialog" foregroundblue="0" foregroundgreen="0" foregroundred="0" size="10" style="0" subscript="normal"/><N2 backgroundblue="255" backgroundgreen="255" backgroundred="255" font="Dialog" foregroundblue="0" foregroundgreen="0" foregroundred="0" size="10" style="0" subscript="normal"/><N3 backgroundblue="255" backgroundgreen="255" backgroundred="255" font="Dialog" foregroundblue="0" foregroundgreen="0" foregroundred="0" size="10" style="0" subscript="normal"/><N4 backgroundblue="255" backgroundgreen="255" backgroundred="255" font="Dialog" foregroundblue="0" foregroundgreen="0" foregroundred="0" size="10" style="0" subscript="normal"/><N5 backgroundblue="255" backgroundgreen="255" backgroundred="255" font="Dialog" foregroundblue="0" foregroundgreen="0" foregroundred="0" size="10" style="0" subscript="normal"/><N6 backgroundblue="255" backgroundgreen="255" backgroundred="255" font="Dialog" foregroundblue="0" foregroundgreen="0" foregroundred="0" size="10" style="0" subscript="normal"/><N7 backgroundblue="255" backgroundgreen="255" backgroundred="255" font="Dialog" foregroundblue="0" foregroundgreen="0" foregroundred="0" size="10" style="0" subscript="normal"/><N8 backgroundblue="255" backgroundgreen="255" backgroundred="255" font="Dialog" foregroundblue="0" foregroundgreen="0" foregroundred="0" size="10" style="0" subscript="normal"/><N9 backgroundblue="255" backgroundgreen="255" backgroundred="255" font="Dialog" foregroundblue="0" foregroundgreen="0" foregroundred="0" size="10" style="0" subscript="normal"/><N10 backgroundblue="255" backgroundgreen="255" backgroundred="255" font="Dialog" foregroundblue="0" foregroundgreen="0" foregroundred="0" size="10" style="0" subscript="normal"/><N11 backgroundblue="255" backgroundgreen="255" backgroundred="255" font="Dialog" foregroundblue="0" foregroundgreen="0" foregroundred="0" size="10" style="0" subscript="normal"/><N12 font="Dialog" size="10" style="0" subscript="normal"/></text><syntacticfeaturesets/><syntacticassociations/><starttraces/><endtraces/></syntacticstructure></syntacticstructure><syntacticstructure lineblue="0" linegreen="0" linered="0" string="165246323" syntacticlevel="DOUBLE_BAR"><text text="NP"><N0 backgroundblue="255" backgroundgreen="255" backgroundred="255" font="Dialog" foregroundblue="0" foregroundgreen="0" foregroundred="0" size="10" style="0" subscript="normal"/><N1 backgroundblue="255" backgroundgreen="255" backgroundred="255" font="Dialog" foregroundblue="0" foregroundgreen="0" foregroundred="0" size="10" style="0" subscript="normal"/></text><syntacticfeaturesets/><syntacticassociations/><starttraces/><endtraces/><syntacticstructure lineblue="0" linegreen="0" linered="0" string="1594367892" syntacticlevel="HEAD"><text text="N̅"><N0 backgroundblue="255" backgroundgreen="255" backgroundred="255" font="Dialog" foregroundblue="0" foregroundgreen="0" foregroundred="0" size="10" style="0" subscript="normal"/><N1 backgroundblue="255" backgroundgreen="255" backgroundred="255" font="Dialog" foregroundblue="0" foregroundgreen="0" foregroundred="0" size="10" style="0" subscript="normal"/></text><syntacticfeaturesets/><syntacticassociations/><starttraces/><endtraces/><syntacticstructure lineblue="0" linegreen="0" linered="0" string="38465541" syntacticlevel="MORPH"><text text="N"><N0 backgroundblue="255" backgroundgreen="255" backgroundred="255" font="Dialog" foregroundblue="0" foregroundgreen="0" foregroundred="0" size="10" style="0" subscript="normal"/></text><syntacticfeaturesets/><syntacticassociations/><starttraces/><endtraces/><syntacticstructure lineblue="0" linegreen="0" linered="0" string="59541662" syntacticlevel="MORPH"><text text="mujeres "><N0 backgroundblue="255" backgroundgreen="255" backgroundred="255" font="Dialog" foregroundblue="0" foregroundgreen="0" foregroundred="0" size="10" style="0" subscript="normal"/><N1 backgroundblue="255" backgroundgreen="255" backgroundred="255" font="Dialog" foregroundblue="0" foregroundgreen="0" foregroundred="0" size="10" style="0" subscript="normal"/><N2 backgroundblue="255" backgroundgreen="255" backgroundred="255" font="Dialog" foregroundblue="0" foregroundgreen="0" foregroundred="0" size="10" style="0" subscript="normal"/><N3 backgroundblue="255" backgroundgreen="255" backgroundred="255" font="Dialog" foregroundblue="0" foregroundgreen="0" foregroundred="0" size="10" style="0" subscript="normal"/><N4 backgroundblue="255" backgroundgreen="255" backgroundred="255" font="Dialog" foregroundblue="0" foregroundgreen="0" foregroundred="0" size="10" style="0" subscript="normal"/><N5 backgroundblue="255" backgroundgreen="255" backgroundred="255" font="Dialog" foregroundblue="0" foregroundgreen="0" foregroundred="0" size="10" style="0" subscript="normal"/><N6 backgroundblue="255" backgroundgreen="255" backgroundred="255" font="Dialog" foregroundblue="0" foregroundgreen="0" foregroundred="0" size="10" style="0" subscript="normal"/><N7 font="Dialog" size="10" style="0" subscript="normal"/></text><syntacticfeaturesets/><syntacticassociations/><starttraces/><endtraces/></syntacticstructure></syntacticstructure></syntacticstructure></syntacticstructure></syntacticstructure></syntacticstructure></syntacticstructure></sentence>