<?xml version="1.0" encoding="UTF-8" standalone="no"?><sentence defaultfontsize="10" file="/Volumes/GoogleDrive/My Drive/ASSIGNATURES/LINGUISTICA 2/LINGUISTICA 2 - 2020-2021/TREES_TreeForm/2a_prova_puntuable_sintaxi_1_STD.xml" lefttranslate="20" linelength="10" mintextwidth="30" name="2a_prova_puntuable_sintaxi_1_STD.xml" toptranslate="20" type="TreeForm"><syntacticstructure lineblue="0" linegreen="0" linered="0" string="1432257058" syntacticlevel="DOUBLE_BAR"><text text="S"><N0 backgroundblue="255" backgroundgreen="255" backgroundred="255" font="Dialog" foregroundblue="0" foregroundgreen="0" foregroundred="0" size="10" style="0" subscript="normal"/></text><syntacticfeaturesets/><syntacticassociations/><starttraces/><endtraces/><syntacticstructure lineblue="0" linegreen="0" linered="0" string="1119228787" syntacticlevel="BAR"><text text="NP "><N0 backgroundblue="255" backgroundgreen="255" backgroundred="255" font="Dialog" foregroundblue="0" foregroundgreen="0" foregroundred="0" size="10" style="0" subscript="normal"/><N1 backgroundblue="255" backgroundgreen="255" backgroundred="255" font="Dialog" foregroundblue="0" foregroundgreen="0" foregroundred="0" size="10" style="0" subscript="normal"/><N2 font="Dialog" size="10" style="0" subscript="normal"/></text><syntacticfeaturesets/><syntacticassociations/><starttraces/><endtraces/><syntacticstructure lineblue="0" linegreen="0" linered="0" string="215511704" syntacticlevel="MORPH"><text text="Det "><N0 backgroundblue="255" backgroundgreen="255" backgroundred="255" font="Dialog" foregroundblue="0" foregroundgreen="0" foregroundred="0" size="10" style="0" subscript="normal"/><N1 backgroundblue="255" backgroundgreen="255" backgroundred="255" font="Dialog" foregroundblue="0" foregroundgreen="0" foregroundred="0" size="10" style="0" subscript="normal"/><N2 backgroundblue="255" backgroundgreen="255" backgroundred="255" font="Dialog" foregroundblue="0" foregroundgreen="0" foregroundred="0" size="10" style="0" subscript="normal"/><N3 font="Dialog" size="10" style="0" subscript="normal"/></text><syntacticfeaturesets/><syntacticassociations/><starttraces/><endtraces/><syntacticstructure lineblue="0" linegreen="0" linered="0" string="935927329" syntacticlevel="MORPH"><text text="Una "><N0 backgroundblue="255" backgroundgreen="255" backgroundred="255" font="Dialog" foregroundblue="0" foregroundgreen="0" foregroundred="0" size="10" style="0" subscript="normal"/><N1 backgroundblue="255" backgroundgreen="255" backgroundred="255" font="Dialog" foregroundblue="0" foregroundgreen="0" foregroundred="0" size="10" style="0" subscript="normal"/><N2 backgroundblue="255" backgroundgreen="255" backgroundred="255" font="Dialog" foregroundblue="0" foregroundgreen="0" foregroundred="0" size="10" style="0" subscript="normal"/><N3 font="Dialog" size="10" style="0" subscript="normal"/></text><syntacticfeaturesets/><syntacticassociations/><starttraces/><endtraces/></syntacticstructure></syntacticstructure><syntacticstructure lineblue="0" linegreen="0" linered="0" string="380093800" syntacticlevel="BAR"><text text="N̅ "><N0 backgroundblue="255" backgroundgreen="255" backgroundred="255" font="Dialog" foregroundblue="0" foregroundgreen="0" foregroundred="0" size="12" style="0" subscript="normal"/><N1 backgroundblue="255" backgroundgreen="255" backgroundred="255" font="Dialog" foregroundblue="0" foregroundgreen="0" foregroundred="0" size="12" style="0" subscript="normal"/><N2 font="Dialog" size="10" style="0" subscript="sub"/></text><syntacticfeaturesets/><syntacticassociations/><starttraces/><endtraces/><syntacticstructure lineblue="0" linegreen="0" linered="0" string="1693999428" syntacticlevel="HEAD"><text text="N "><N0 backgroundblue="255" backgroundgreen="255" backgroundred="255" font="Dialog" foregroundblue="0" foregroundgreen="0" foregroundred="0" size="10" style="0" subscript="normal"/><N1 font="Dialog" size="10" style="0" subscript="normal"/></text><syntacticfeaturesets/><syntacticassociations/><starttraces/><endtraces/><syntacticstructure lineblue="0" linegreen="0" linered="0" string="729519089" syntacticlevel="MORPH"><text text="mujer "><N0 backgroundblue="255" backgroundgreen="255" backgroundred="255" font="Dialog" foregroundblue="0" foregroundgreen="0" foregroundred="0" size="10" style="0" subscript="normal"/><N1 backgroundblue="255" backgroundgreen="255" backgroundred="255" font="Dialog" foregroundblue="0" foregroundgreen="0" foregroundred="0" size="10" style="0" subscript="normal"/><N2 backgroundblue="255" backgroundgreen="255" backgroundred="255" font="Dialog" foregroundblue="0" foregroundgreen="0" foregroundred="0" size="10" style="0" subscript="normal"/><N3 backgroundblue="255" backgroundgreen="255" backgroundred="255" font="Dialog" foregroundblue="0" foregroundgreen="0" foregroundred="0" size="10" style="0" subscript="normal"/><N4 backgroundblue="255" backgroundgreen="255" backgroundred="255" font="Dialog" foregroundblue="0" foregroundgreen="0" foregroundred="0" size="10" style="0" subscript="normal"/><N5 font="Dialog" size="10" style="0" subscript="normal"/></text><syntacticfeaturesets/><syntacticassociations/><starttraces/><endtraces/></syntacticstructure></syntacticstructure><syntacticstructure lineblue="0" linegreen="0" linered="0" string="1413261481" syntacticlevel="DOUBLE_BAR"><text text="AP"><N0 backgroundblue="255" backgroundgreen="255" backgroundred="255" font="Dialog" foregroundblue="0" foregroundgreen="0" foregroundred="0" size="10" style="0" subscript="normal"/><N1 backgroundblue="255" backgroundgreen="255" backgroundred="255" font="Dialog" foregroundblue="0" foregroundgreen="0" foregroundred="0" size="10" style="0" subscript="normal"/></text><syntacticfeaturesets/><syntacticassociations/><starttraces/><endtraces/><syntacticstructure lineblue="0" linegreen="0" linered="0" string="2090384323" syntacticlevel="HEAD"><text text="Adj "><N0 backgroundblue="255" backgroundgreen="255" backgroundred="255" font="Dialog" foregroundblue="0" foregroundgreen="0" foregroundred="0" size="10" style="0" subscript="normal"/><N1 backgroundblue="255" backgroundgreen="255" backgroundred="255" font="Dialog" foregroundblue="0" foregroundgreen="0" foregroundred="0" size="10" style="0" subscript="normal"/><N2 backgroundblue="255" backgroundgreen="255" backgroundred="255" font="Dialog" foregroundblue="0" foregroundgreen="0" foregroundred="0" size="10" style="0" subscript="normal"/><N3 font="Dialog" size="10" style="0" subscript="normal"/></text><syntacticfeaturesets/><syntacticassociations/><starttraces/><endtraces/><syntacticstructure lineblue="0" linegreen="0" linered="0" string="1540167509" syntacticlevel="HEAD"><text text="alemana "><N0 backgroundblue="255" backgroundgreen="255" backgroundred="255" font="Dialog" foregroundblue="0" foregroundgreen="0" foregroundred="0" size="10" style="0" subscript="normal"/><N1 backgroundblue="255" backgroundgreen="255" backgroundred="255" font="Dialog" foregroundblue="0" foregroundgreen="0" foregroundred="0" size="10" style="0" subscript="normal"/><N2 backgroundblue="255" backgroundgreen="255" backgroundred="255" font="Dialog" foregroundblue="0" foregroundgreen="0" foregroundred="0" size="10" style="0" subscript="normal"/><N3 backgroundblue="255" backgroundgreen="255" backgroundred="255" font="Dialog" foregroundblue="0" foregroundgreen="0" foregroundred="0" size="10" style="0" subscript="normal"/><N4 backgroundblue="255" backgroundgreen="255" backgroundred="255" font="Dialog" foregroundblue="0" foregroundgreen="0" foregroundred="0" size="10" style="0" subscript="normal"/><N5 backgroundblue="255" backgroundgreen="255" backgroundred="255" font="Dialog" foregroundblue="0" foregroundgreen="0" foregroundred="0" size="10" style="0" subscript="normal"/><N6 backgroundblue="255" backgroundgreen="255" backgroundred="255" font="Dialog" foregroundblue="0" foregroundgreen="0" foregroundred="0" size="10" style="0" subscript="normal"/><N7 font="Dialog" size="10" style="0" subscript="normal"/></text><syntacticfeaturesets/><syntacticassociations/><starttraces/><endtraces/></syntacticstructure></syntacticstructure><syntacticstructure lineblue="0" linegreen="0" linered="0" string="744416198" syntacticlevel="HEAD"><text text="AdvP "><N0 backgroundblue="255" backgroundgreen="255" backgroundred="255" font="Dialog" foregroundblue="0" foregroundgreen="0" foregroundred="0" size="10" style="0" subscript="normal"/><N1 backgroundblue="255" backgroundgreen="255" backgroundred="255" font="Dialog" foregroundblue="0" foregroundgreen="0" foregroundred="0" size="10" style="0" subscript="normal"/><N2 backgroundblue="255" backgroundgreen="255" backgroundred="255" font="Dialog" foregroundblue="0" foregroundgreen="0" foregroundred="0" size="10" style="0" subscript="normal"/><N3 backgroundblue="255" backgroundgreen="255" backgroundred="255" font="Dialog" foregroundblue="0" foregroundgreen="0" foregroundred="0" size="10" style="0" subscript="normal"/><N4 font="Dialog" size="10" style="0" subscript="normal"/></text><syntacticfeaturesets/><syntacticassociations/><starttraces/><endtraces/><syntacticstructure lineblue="0" linegreen="0" linered="0" string="488013572" syntacticlevel="HEAD"><text text="adv "><N0 backgroundblue="255" backgroundgreen="255" backgroundred="255" font="Dialog" foregroundblue="0" foregroundgreen="0" foregroundred="0" size="10" style="0" subscript="normal"/><N1 backgroundblue="255" backgroundgreen="255" backgroundred="255" font="Dialog" foregroundblue="0" foregroundgreen="0" foregroundred="0" size="10" style="0" subscript="normal"/><N2 backgroundblue="255" backgroundgreen="255" backgroundred="255" font="Dialog" foregroundblue="0" foregroundgreen="0" foregroundred="0" size="10" style="0" subscript="normal"/><N3 font="Dialog" size="10" style="0" subscript="normal"/></text><syntacticfeaturesets/><syntacticassociations/><starttraces/><endtraces/><syntacticstructure lineblue="0" linegreen="0" linered="0" string="610900422" syntacticlevel="MORPH"><text text="muy "><N0 backgroundblue="255" backgroundgreen="255" backgroundred="255" font="Dialog" foregroundblue="0" foregroundgreen="0" foregroundred="0" size="10" style="0" subscript="normal"/><N1 backgroundblue="255" backgroundgreen="255" backgroundred="255" font="Dialog" foregroundblue="0" foregroundgreen="0" foregroundred="0" size="10" style="0" subscript="normal"/><N2 backgroundblue="255" backgroundgreen="255" backgroundred="255" font="Dialog" foregroundblue="0" foregroundgreen="0" foregroundred="0" size="10" style="0" subscript="normal"/><N3 font="Dialog" size="10" style="0" subscript="normal"/></text><syntacticfeaturesets/><syntacticassociations/><starttraces/><endtraces/></syntacticstructure></syntacticstructure><syntacticstructure lineblue="0" linegreen="0" linered="0" string="388847009" syntacticlevel="HEAD"><text text="adj "><N0 backgroundblue="255" backgroundgreen="255" backgroundred="255" font="Dialog" foregroundblue="0" foregroundgreen="0" foregroundred="0" size="10" style="0" subscript="normal"/><N1 backgroundblue="255" backgroundgreen="255" backgroundred="255" font="Dialog" foregroundblue="0" foregroundgreen="0" foregroundred="0" size="10" style="0" subscript="normal"/><N2 backgroundblue="255" backgroundgreen="255" backgroundred="255" font="Dialog" foregroundblue="0" foregroundgreen="0" foregroundred="0" size="10" style="0" subscript="normal"/><N3 font="Dialog" size="10" style="0" subscript="normal"/></text><syntacticfeaturesets/><syntacticassociations/><starttraces/><endtraces/><syntacticstructure lineblue="0" linegreen="0" linered="0" string="1287046225" syntacticlevel="MORPH"><text text="inteligente "><N0 backgroundblue="255" backgroundgreen="255" backgroundred="255" font="Dialog" foregroundblue="0" foregroundgreen="0" foregroundred="0" size="10" style="0" subscript="normal"/><N1 backgroundblue="255" backgroundgreen="255" backgroundred="255" font="Dialog" foregroundblue="0" foregroundgreen="0" foregroundred="0" size="10" style="0" subscript="normal"/><N2 backgroundblue="255" backgroundgreen="255" backgroundred="255" font="Dialog" foregroundblue="0" foregroundgreen="0" foregroundred="0" size="10" style="0" subscript="normal"/><N3 backgroundblue="255" backgroundgreen="255" backgroundred="255" font="Dialog" foregroundblue="0" foregroundgreen="0" foregroundred="0" size="10" style="0" subscript="normal"/><N4 backgroundblue="255" backgroundgreen="255" backgroundred="255" font="Dialog" foregroundblue="0" foregroundgreen="0" foregroundred="0" size="10" style="0" subscript="normal"/><N5 backgroundblue="255" backgroundgreen="255" backgroundred="255" font="Dialog" foregroundblue="0" foregroundgreen="0" foregroundred="0" size="10" style="0" subscript="normal"/><N6 backgroundblue="255" backgroundgreen="255" backgroundred="255" font="Dialog" foregroundblue="0" foregroundgreen="0" foregroundred="0" size="10" style="0" subscript="normal"/><N7 backgroundblue="255" backgroundgreen="255" backgroundred="255" font="Dialog" foregroundblue="0" foregroundgreen="0" foregroundred="0" size="10" style="0" subscript="normal"/><N8 backgroundblue="255" backgroundgreen="255" backgroundred="255" font="Dialog" foregroundblue="0" foregroundgreen="0" foregroundred="0" size="10" style="0" subscript="normal"/><N9 backgroundblue="255" backgroundgreen="255" backgroundred="255" font="Dialog" foregroundblue="0" foregroundgreen="0" foregroundred="0" size="10" style="0" subscript="normal"/><N10 backgroundblue="255" backgroundgreen="255" backgroundred="255" font="Dialog" foregroundblue="0" foregroundgreen="0" foregroundred="0" size="10" style="0" subscript="normal"/><N11 font="Dialog" size="10" style="0" subscript="normal"/></text><syntacticfeaturesets/><syntacticassociations/><starttraces/><endtraces/></syntacticstructure></syntacticstructure></syntacticstructure></syntacticstructure></syntacticstructure></syntacticstructure><syntacticstructure lineblue="0" linegreen="0" linered="0" string="1660316828" syntacticlevel="BAR"><text text="VP "><N0 backgroundblue="255" backgroundgreen="255" backgroundred="255" font="Dialog" foregroundblue="0" foregroundgreen="0" foregroundred="0" size="10" style="0" subscript="normal"/><N1 backgroundblue="255" backgroundgreen="255" backgroundred="255" font="Dialog" foregroundblue="0" foregroundgreen="0" foregroundred="0" size="10" style="0" subscript="normal"/><N2 font="Dialog" size="10" style="0" subscript="sub"/></text><syntacticfeaturesets/><syntacticassociations/><starttraces/><endtraces/><syntacticstructure lineblue="0" linegreen="0" linered="0" string="171536045" syntacticlevel="BAR"><text text="VP"><N0 backgroundblue="255" backgroundgreen="255" backgroundred="255" font="Dialog" foregroundblue="0" foregroundgreen="0" foregroundred="0" size="10" style="0" subscript="normal"/><N1 backgroundblue="255" backgroundgreen="255" backgroundred="255" font="Dialog" foregroundblue="0" foregroundgreen="0" foregroundred="0" size="10" style="0" subscript="normal"/></text><syntacticfeaturesets/><syntacticassociations/><starttraces/><endtraces/><syntacticstructure lineblue="0" linegreen="0" linered="0" string="2009379350" syntacticlevel="HEAD"><text text="V̅ "><N0 backgroundblue="255" backgroundgreen="255" backgroundred="255" font="Dialog" foregroundblue="0" foregroundgreen="0" foregroundred="0" size="10" style="0" subscript="normal"/><N1 backgroundblue="255" backgroundgreen="255" backgroundred="255" font="Dialog" foregroundblue="0" foregroundgreen="0" foregroundred="0" size="10" style="0" subscript="normal"/><N2 font="Dialog" size="10" style="0" subscript="normal"/></text><syntacticfeaturesets/><syntacticassociations/><starttraces/><endtraces/><syntacticstructure lineblue="0" linegreen="0" linered="0" string="220882163" syntacticlevel="HEAD"><text text="V "><N0 backgroundblue="255" backgroundgreen="255" backgroundred="255" font="Dialog" foregroundblue="0" foregroundgreen="0" foregroundred="0" size="10" style="0" subscript="normal"/><N1 font="Dialog" size="10" style="0" subscript="normal"/></text><syntacticfeaturesets/><syntacticassociations/><starttraces/><endtraces/><syntacticstructure lineblue="0" linegreen="0" linered="0" string="1550416710" syntacticlevel="HEAD"><text text="viajaba "><N0 backgroundblue="255" backgroundgreen="255" backgroundred="255" font="Dialog" foregroundblue="0" foregroundgreen="0" foregroundred="0" size="10" style="0" subscript="normal"/><N1 backgroundblue="255" backgroundgreen="255" backgroundred="255" font="Dialog" foregroundblue="0" foregroundgreen="0" foregroundred="0" size="10" style="0" subscript="normal"/><N2 backgroundblue="255" backgroundgreen="255" backgroundred="255" font="Dialog" foregroundblue="0" foregroundgreen="0" foregroundred="0" size="10" style="0" subscript="normal"/><N3 backgroundblue="255" backgroundgreen="255" backgroundred="255" font="Dialog" foregroundblue="0" foregroundgreen="0" foregroundred="0" size="10" style="0" subscript="normal"/><N4 backgroundblue="255" backgroundgreen="255" backgroundred="255" font="Dialog" foregroundblue="0" foregroundgreen="0" foregroundred="0" size="10" style="0" subscript="normal"/><N5 backgroundblue="255" backgroundgreen="255" backgroundred="255" font="Dialog" foregroundblue="0" foregroundgreen="0" foregroundred="0" size="10" style="0" subscript="normal"/><N6 backgroundblue="255" backgroundgreen="255" backgroundred="255" font="Dialog" foregroundblue="0" foregroundgreen="0" foregroundred="0" size="10" style="0" subscript="normal"/><N7 font="Dialog" size="10" style="0" subscript="normal"/></text><syntacticfeaturesets/><syntacticassociations/><starttraces/><endtraces/></syntacticstructure></syntacticstructure></syntacticstructure><syntacticstructure lineblue="0" linegreen="0" linered="0" string="501492320" syntacticlevel="BAR"><text text="PrepP"><N0 backgroundblue="255" backgroundgreen="255" backgroundred="255" font="Dialog" foregroundblue="0" foregroundgreen="0" foregroundred="0" size="10" style="0" subscript="normal"/><N1 backgroundblue="255" backgroundgreen="255" backgroundred="255" font="Dialog" foregroundblue="0" foregroundgreen="0" foregroundred="0" size="10" style="0" subscript="normal"/><N2 backgroundblue="255" backgroundgreen="255" backgroundred="255" font="Dialog" foregroundblue="0" foregroundgreen="0" foregroundred="0" size="10" style="0" subscript="normal"/><N3 backgroundblue="255" backgroundgreen="255" backgroundred="255" font="Dialog" foregroundblue="0" foregroundgreen="0" foregroundred="0" size="10" style="0" subscript="normal"/><N4 backgroundblue="255" backgroundgreen="255" backgroundred="255" font="Dialog" foregroundblue="0" foregroundgreen="0" foregroundred="0" size="10" style="0" subscript="normal"/></text><syntacticfeaturesets/><syntacticassociations/><starttraces/><endtraces/><syntacticstructure lineblue="0" linegreen="0" linered="0" string="1340243912" syntacticlevel="HEAD"><text text="P "><N0 backgroundblue="255" backgroundgreen="255" backgroundred="255" font="Dialog" foregroundblue="0" foregroundgreen="0" foregroundred="0" size="10" style="0" subscript="normal"/><N1 font="Dialog" size="10" style="0" subscript="normal"/></text><syntacticfeaturesets/><syntacticassociations/><starttraces/><endtraces/><syntacticstructure lineblue="0" linegreen="0" linered="0" string="296847163" syntacticlevel="HEAD"><text text="por "><N0 backgroundblue="255" backgroundgreen="255" backgroundred="255" font="Dialog" foregroundblue="0" foregroundgreen="0" foregroundred="0" size="10" style="0" subscript="normal"/><N1 backgroundblue="255" backgroundgreen="255" backgroundred="255" font="Dialog" foregroundblue="0" foregroundgreen="0" foregroundred="0" size="10" style="0" subscript="normal"/><N2 backgroundblue="255" backgroundgreen="255" backgroundred="255" font="Dialog" foregroundblue="0" foregroundgreen="0" foregroundred="0" size="10" style="0" subscript="normal"/><N3 font="Dialog" size="10" style="0" subscript="normal"/></text><syntacticfeaturesets/><syntacticassociations/><starttraces/><endtraces/></syntacticstructure></syntacticstructure><syntacticstructure lineblue="0" linegreen="0" linered="0" string="110460160" syntacticlevel="BAR"><text text="NP "><N0 backgroundblue="255" backgroundgreen="255" backgroundred="255" font="Dialog" foregroundblue="0" foregroundgreen="0" foregroundred="0" size="10" style="0" subscript="normal"/><N1 backgroundblue="255" backgroundgreen="255" backgroundred="255" font="Dialog" foregroundblue="0" foregroundgreen="0" foregroundred="0" size="10" style="0" subscript="normal"/><N2 font="Dialog" size="10" style="0" subscript="normal"/></text><syntacticfeaturesets/><syntacticassociations/><starttraces/><endtraces/><syntacticstructure lineblue="0" linegreen="0" linered="0" string="975106200" syntacticlevel="HEAD"><text text="N "><N0 backgroundblue="255" backgroundgreen="255" backgroundred="255" font="Dialog" foregroundblue="0" foregroundgreen="0" foregroundred="0" size="10" style="0" subscript="normal"/><N1 font="Dialog" size="10" style="0" subscript="normal"/></text><syntacticfeaturesets/><syntacticassociations/><starttraces/><endtraces/><syntacticstructure lineblue="0" linegreen="0" linered="0" string="1717486636" syntacticlevel="MORPH"><text text="Extremadura "><N0 backgroundblue="255" backgroundgreen="255" backgroundred="255" font="Dialog" foregroundblue="0" foregroundgreen="0" foregroundred="0" size="10" style="0" subscript="normal"/><N1 backgroundblue="255" backgroundgreen="255" backgroundred="255" font="Dialog" foregroundblue="0" foregroundgreen="0" foregroundred="0" size="10" style="0" subscript="normal"/><N2 backgroundblue="255" backgroundgreen="255" backgroundred="255" font="Dialog" foregroundblue="0" foregroundgreen="0" foregroundred="0" size="10" style="0" subscript="normal"/><N3 backgroundblue="255" backgroundgreen="255" backgroundred="255" font="Dialog" foregroundblue="0" foregroundgreen="0" foregroundred="0" size="10" style="0" subscript="normal"/><N4 backgroundblue="255" backgroundgreen="255" backgroundred="255" font="Dialog" foregroundblue="0" foregroundgreen="0" foregroundred="0" size="10" style="0" subscript="normal"/><N5 backgroundblue="255" backgroundgreen="255" backgroundred="255" font="Dialog" foregroundblue="0" foregroundgreen="0" foregroundred="0" size="10" style="0" subscript="normal"/><N6 backgroundblue="255" backgroundgreen="255" backgroundred="255" font="Dialog" foregroundblue="0" foregroundgreen="0" foregroundred="0" size="10" style="0" subscript="normal"/><N7 backgroundblue="255" backgroundgreen="255" backgroundred="255" font="Dialog" foregroundblue="0" foregroundgreen="0" foregroundred="0" size="10" style="0" subscript="normal"/><N8 backgroundblue="255" backgroundgreen="255" backgroundred="255" font="Dialog" foregroundblue="0" foregroundgreen="0" foregroundred="0" size="10" style="0" subscript="normal"/><N9 backgroundblue="255" backgroundgreen="255" backgroundred="255" font="Dialog" foregroundblue="0" foregroundgreen="0" foregroundred="0" size="10" style="0" subscript="normal"/><N10 backgroundblue="255" backgroundgreen="255" backgroundred="255" font="Dialog" foregroundblue="0" foregroundgreen="0" foregroundred="0" size="10" style="0" subscript="normal"/><N11 font="Dialog" size="10" style="0" subscript="normal"/></text><syntacticfeaturesets/><syntacticassociations/><starttraces/><endtraces/></syntacticstructure></syntacticstructure></syntacticstructure></syntacticstructure></syntacticstructure><syntacticstructure lineblue="0" linegreen="0" linered="0" string="2068516739" syntacticlevel="HEAD"><text text="Conj"><N0 backgroundblue="255" backgroundgreen="255" backgroundred="255" font="Dialog" foregroundblue="0" foregroundgreen="0" foregroundred="0" size="10" style="0" subscript="normal"/><N1 backgroundblue="255" backgroundgreen="255" backgroundred="255" font="Dialog" foregroundblue="0" foregroundgreen="0" foregroundred="0" size="10" style="0" subscript="normal"/><N2 backgroundblue="255" backgroundgreen="255" backgroundred="255" font="Dialog" foregroundblue="0" foregroundgreen="0" foregroundred="0" size="10" style="0" subscript="normal"/><N3 backgroundblue="255" backgroundgreen="255" backgroundred="255" font="Dialog" foregroundblue="0" foregroundgreen="0" foregroundred="0" size="10" style="0" subscript="normal"/></text><syntacticfeaturesets/><syntacticassociations/><starttraces/><endtraces/><syntacticstructure lineblue="0" linegreen="0" linered="0" string="1444610199" syntacticlevel="MORPH"><text text="y "><N0 backgroundblue="255" backgroundgreen="255" backgroundred="255" font="Dialog" foregroundblue="0" foregroundgreen="0" foregroundred="0" size="10" style="0" subscript="normal"/><N1 font="Dialog" size="10" style="0" subscript="normal"/></text><syntacticfeaturesets/><syntacticassociations/><starttraces/><endtraces/></syntacticstructure></syntacticstructure><syntacticstructure lineblue="0" linegreen="0" linered="0" string="466395388" syntacticlevel="DOUBLE_BAR"><text text="VP"><N0 backgroundblue="255" backgroundgreen="255" backgroundred="255" font="Dialog" foregroundblue="0" foregroundgreen="0" foregroundred="0" size="10" style="0" subscript="normal"/><N1 backgroundblue="255" backgroundgreen="255" backgroundred="255" font="Dialog" foregroundblue="0" foregroundgreen="0" foregroundred="0" size="10" style="0" subscript="normal"/></text><syntacticfeaturesets/><syntacticassociations/><starttraces/><endtraces/><syntacticstructure lineblue="0" linegreen="0" linered="0" string="195262477" syntacticlevel="HEAD"><text text="V "><N0 backgroundblue="255" backgroundgreen="255" backgroundred="255" font="Dialog" foregroundblue="0" foregroundgreen="0" foregroundred="0" size="10" style="0" subscript="normal"/><N1 font="Dialog" size="10" style="0" subscript="normal"/></text><syntacticfeaturesets/><syntacticassociations/><starttraces/><endtraces/><syntacticstructure lineblue="0" linegreen="0" linered="0" string="683104749" syntacticlevel="HEAD"><text text="entrevistaba "><N0 backgroundblue="255" backgroundgreen="255" backgroundred="255" font="Dialog" foregroundblue="0" foregroundgreen="0" foregroundred="0" size="10" style="0" subscript="normal"/><N1 backgroundblue="255" backgroundgreen="255" backgroundred="255" font="Dialog" foregroundblue="0" foregroundgreen="0" foregroundred="0" size="10" style="0" subscript="normal"/><N2 backgroundblue="255" backgroundgreen="255" backgroundred="255" font="Dialog" foregroundblue="0" foregroundgreen="0" foregroundred="0" size="10" style="0" subscript="normal"/><N3 backgroundblue="255" backgroundgreen="255" backgroundred="255" font="Dialog" foregroundblue="0" foregroundgreen="0" foregroundred="0" size="10" style="0" subscript="normal"/><N4 backgroundblue="255" backgroundgreen="255" backgroundred="255" font="Dialog" foregroundblue="0" foregroundgreen="0" foregroundred="0" size="10" style="0" subscript="normal"/><N5 backgroundblue="255" backgroundgreen="255" backgroundred="255" font="Dialog" foregroundblue="0" foregroundgreen="0" foregroundred="0" size="10" style="0" subscript="normal"/><N6 backgroundblue="255" backgroundgreen="255" backgroundred="255" font="Dialog" foregroundblue="0" foregroundgreen="0" foregroundred="0" size="10" style="0" subscript="normal"/><N7 backgroundblue="255" backgroundgreen="255" backgroundred="255" font="Dialog" foregroundblue="0" foregroundgreen="0" foregroundred="0" size="10" style="0" subscript="normal"/><N8 backgroundblue="255" backgroundgreen="255" backgroundred="255" font="Dialog" foregroundblue="0" foregroundgreen="0" foregroundred="0" size="10" style="0" subscript="normal"/><N9 backgroundblue="255" backgroundgreen="255" backgroundred="255" font="Dialog" foregroundblue="0" foregroundgreen="0" foregroundred="0" size="10" style="0" subscript="normal"/><N10 backgroundblue="255" backgroundgreen="255" backgroundred="255" font="Dialog" foregroundblue="0" foregroundgreen="0" foregroundred="0" size="10" style="0" subscript="normal"/><N11 backgroundblue="255" backgroundgreen="255" backgroundred="255" font="Dialog" foregroundblue="0" foregroundgreen="0" foregroundred="0" size="10" style="0" subscript="normal"/><N12 font="Dialog" size="10" style="0" subscript="normal"/></text><syntacticfeaturesets/><syntacticassociations/><starttraces/><endtraces/></syntacticstructure></syntacticstructure><syntacticstructure lineblue="0" linegreen="0" linered="0" string="640089044" syntacticlevel="DOUBLE_BAR"><text text="NP"><N0 backgroundblue="255" backgroundgreen="255" backgroundred="255" font="Dialog" foregroundblue="0" foregroundgreen="0" foregroundred="0" size="10" style="0" subscript="normal"/><N1 backgroundblue="255" backgroundgreen="255" backgroundred="255" font="Dialog" foregroundblue="0" foregroundgreen="0" foregroundred="0" size="10" style="0" subscript="normal"/></text><syntacticfeaturesets/><syntacticassociations/><starttraces/><endtraces/><syntacticstructure lineblue="0" linegreen="0" linered="0" string="1486054572" syntacticlevel="HEAD"><text text="N̅"><N0 backgroundblue="255" backgroundgreen="255" backgroundred="255" font="Dialog" foregroundblue="0" foregroundgreen="0" foregroundred="0" size="10" style="0" subscript="normal"/><N1 backgroundblue="255" backgroundgreen="255" backgroundred="255" font="Dialog" foregroundblue="0" foregroundgreen="0" foregroundred="0" size="10" style="0" subscript="normal"/></text><syntacticfeaturesets/><syntacticassociations/><starttraces/><endtraces/><syntacticstructure lineblue="0" linegreen="0" linered="0" string="1222642851" syntacticlevel="MORPH"><text text="N"><N0 backgroundblue="255" backgroundgreen="255" backgroundred="255" font="Dialog" foregroundblue="0" foregroundgreen="0" foregroundred="0" size="10" style="0" subscript="normal"/></text><syntacticfeaturesets/><syntacticassociations/><starttraces/><endtraces/><syntacticstructure lineblue="0" linegreen="0" linered="0" string="1510628451" syntacticlevel="MORPH"><text text="mujeres "><N0 backgroundblue="255" backgroundgreen="255" backgroundred="255" font="Dialog" foregroundblue="0" foregroundgreen="0" foregroundred="0" size="10" style="0" subscript="normal"/><N1 backgroundblue="255" backgroundgreen="255" backgroundred="255" font="Dialog" foregroundblue="0" foregroundgreen="0" foregroundred="0" size="10" style="0" subscript="normal"/><N2 backgroundblue="255" backgroundgreen="255" backgroundred="255" font="Dialog" foregroundblue="0" foregroundgreen="0" foregroundred="0" size="10" style="0" subscript="normal"/><N3 backgroundblue="255" backgroundgreen="255" backgroundred="255" font="Dialog" foregroundblue="0" foregroundgreen="0" foregroundred="0" size="10" style="0" subscript="normal"/><N4 backgroundblue="255" backgroundgreen="255" backgroundred="255" font="Dialog" foregroundblue="0" foregroundgreen="0" foregroundred="0" size="10" style="0" subscript="normal"/><N5 backgroundblue="255" backgroundgreen="255" backgroundred="255" font="Dialog" foregroundblue="0" foregroundgreen="0" foregroundred="0" size="10" style="0" subscript="normal"/><N6 backgroundblue="255" backgroundgreen="255" backgroundred="255" font="Dialog" foregroundblue="0" foregroundgreen="0" foregroundred="0" size="10" style="0" subscript="normal"/><N7 font="Dialog" size="10" style="0" subscript="normal"/></text><syntacticfeaturesets/><syntacticassociations/><starttraces/><endtraces/></syntacticstructure></syntacticstructure></syntacticstructure><syntacticstructure lineblue="0" linegreen="0" linered="0" string="1264841901" syntacticlevel="DOUBLE_BAR"><text text="PP"><N0 backgroundblue="255" backgroundgreen="255" backgroundred="255" font="Dialog" foregroundblue="0" foregroundgreen="0" foregroundred="0" size="10" style="0" subscript="normal"/><N1 backgroundblue="255" backgroundgreen="255" backgroundred="255" font="Dialog" foregroundblue="0" foregroundgreen="0" foregroundred="0" size="10" style="0" subscript="normal"/></text><syntacticfeaturesets/><syntacticassociations/><starttraces/><endtraces/><syntacticstructure lineblue="0" linegreen="0" linered="0" string="144072553" syntacticlevel="HEAD"><text text="P "><N0 backgroundblue="255" backgroundgreen="255" backgroundred="255" font="Dialog" foregroundblue="0" foregroundgreen="0" foregroundred="0" size="10" style="0" subscript="normal"/><N1 font="Dialog" size="10" style="0" subscript="normal"/></text><syntacticfeaturesets/><syntacticassociations/><starttraces/><endtraces/><syntacticstructure lineblue="0" linegreen="0" linered="0" string="1088151500" syntacticlevel="MORPH"><text text="con "><N0 backgroundblue="255" backgroundgreen="255" backgroundred="255" font="Dialog" foregroundblue="0" foregroundgreen="0" foregroundred="0" size="10" style="0" subscript="normal"/><N1 backgroundblue="255" backgroundgreen="255" backgroundred="255" font="Dialog" foregroundblue="0" foregroundgreen="0" foregroundred="0" size="10" style="0" subscript="normal"/><N2 backgroundblue="255" backgroundgreen="255" backgroundred="255" font="Dialog" foregroundblue="0" foregroundgreen="0" foregroundred="0" size="10" style="0" subscript="normal"/><N3 font="Dialog" size="10" style="0" subscript="normal"/></text><syntacticfeaturesets/><syntacticassociations/><starttraces/><endtraces/></syntacticstructure></syntacticstructure><syntacticstructure lineblue="0" linegreen="0" linered="0" string="1211792112" syntacticlevel="DOUBLE_BAR"><text text="NP"><N0 backgroundblue="255" backgroundgreen="255" backgroundred="255" font="Dialog" foregroundblue="0" foregroundgreen="0" foregroundred="0" size="10" style="0" subscript="normal"/><N1 backgroundblue="255" backgroundgreen="255" backgroundred="255" font="Dialog" foregroundblue="0" foregroundgreen="0" foregroundred="0" size="10" style="0" subscript="normal"/></text><syntacticfeaturesets/><syntacticassociations/><starttraces/><endtraces/><syntacticstructure lineblue="0" linegreen="0" linered="0" string="472394182" syntacticlevel="BAR"><text text="N̅ "><N0 backgroundblue="255" backgroundgreen="255" backgroundred="255" font="Dialog" foregroundblue="0" foregroundgreen="0" foregroundred="0" size="12" style="0" subscript="normal"/><N1 backgroundblue="255" backgroundgreen="255" backgroundred="255" font="Dialog" foregroundblue="0" foregroundgreen="0" foregroundred="0" size="12" style="0" subscript="normal"/><N2 font="Dialog" size="10" style="0" subscript="normal"/></text><syntacticfeaturesets/><syntacticassociations/><starttraces/><endtraces/><syntacticstructure lineblue="0" linegreen="0" linered="0" string="645873725" syntacticlevel="HEAD"><text text="N "><N0 backgroundblue="255" backgroundgreen="255" backgroundred="255" font="Dialog" foregroundblue="0" foregroundgreen="0" foregroundred="0" size="10" style="0" subscript="normal"/><N1 font="Dialog" size="10" style="0" subscript="normal"/></text><syntacticfeaturesets/><syntacticassociations/><starttraces/><endtraces/><syntacticstructure lineblue="0" linegreen="0" linered="0" string="952422017" syntacticlevel="HEAD"><text text="experiencias "><N0 backgroundblue="255" backgroundgreen="255" backgroundred="255" font="Dialog" foregroundblue="0" foregroundgreen="0" foregroundred="0" size="10" style="0" subscript="normal"/><N1 backgroundblue="255" backgroundgreen="255" backgroundred="255" font="Dialog" foregroundblue="0" foregroundgreen="0" foregroundred="0" size="10" style="0" subscript="normal"/><N2 backgroundblue="255" backgroundgreen="255" backgroundred="255" font="Dialog" foregroundblue="0" foregroundgreen="0" foregroundred="0" size="10" style="0" subscript="normal"/><N3 backgroundblue="255" backgroundgreen="255" backgroundred="255" font="Dialog" foregroundblue="0" foregroundgreen="0" foregroundred="0" size="10" style="0" subscript="normal"/><N4 backgroundblue="255" backgroundgreen="255" backgroundred="255" font="Dialog" foregroundblue="0" foregroundgreen="0" foregroundred="0" size="10" style="0" subscript="normal"/><N5 backgroundblue="255" backgroundgreen="255" backgroundred="255" font="Dialog" foregroundblue="0" foregroundgreen="0" foregroundred="0" size="10" style="0" subscript="normal"/><N6 backgroundblue="255" backgroundgreen="255" backgroundred="255" font="Dialog" foregroundblue="0" foregroundgreen="0" foregroundred="0" size="10" style="0" subscript="normal"/><N7 backgroundblue="255" backgroundgreen="255" backgroundred="255" font="Dialog" foregroundblue="0" foregroundgreen="0" foregroundred="0" size="10" style="0" subscript="normal"/><N8 backgroundblue="255" backgroundgreen="255" backgroundred="255" font="Dialog" foregroundblue="0" foregroundgreen="0" foregroundred="0" size="10" style="0" subscript="normal"/><N9 backgroundblue="255" backgroundgreen="255" backgroundred="255" font="Dialog" foregroundblue="0" foregroundgreen="0" foregroundred="0" size="10" style="0" subscript="normal"/><N10 backgroundblue="255" backgroundgreen="255" backgroundred="255" font="Dialog" foregroundblue="0" foregroundgreen="0" foregroundred="0" size="10" style="0" subscript="normal"/><N11 backgroundblue="255" backgroundgreen="255" backgroundred="255" font="Dialog" foregroundblue="0" foregroundgreen="0" foregroundred="0" size="10" style="0" subscript="normal"/><N12 font="Dialog" size="10" style="0" subscript="normal"/></text><syntacticfeaturesets/><syntacticassociations/><starttraces/><endtraces/></syntacticstructure></syntacticstructure></syntacticstructure><syntacticstructure lineblue="0" linegreen="0" linered="0" string="598924947" syntacticlevel="HEAD"><text text="PP"><N0 backgroundblue="255" backgroundgreen="255" backgroundred="255" font="Dialog" foregroundblue="0" foregroundgreen="0" foregroundred="0" size="10" style="0" subscript="normal"/><N1 backgroundblue="255" backgroundgreen="255" backgroundred="255" font="Dialog" foregroundblue="0" foregroundgreen="0" foregroundred="0" size="10" style="0" subscript="normal"/></text><syntacticfeaturesets/><syntacticassociations/><starttraces/><endtraces/><syntacticstructure lineblue="0" linegreen="0" linered="0" string="2114565434" syntacticlevel="HEAD"><text text="P "><N0 backgroundblue="255" backgroundgreen="255" backgroundred="255" font="Dialog" foregroundblue="0" foregroundgreen="0" foregroundred="0" size="10" style="0" subscript="normal"/><N1 font="Dialog" size="10" style="0" subscript="normal"/></text><syntacticfeaturesets/><syntacticassociations/><starttraces/><endtraces/><syntacticstructure lineblue="0" linegreen="0" linered="0" string="573271150" syntacticlevel="MORPH"><text text="de "><N0 backgroundblue="255" backgroundgreen="255" backgroundred="255" font="Dialog" foregroundblue="0" foregroundgreen="0" foregroundred="0" size="10" style="0" subscript="normal"/><N1 backgroundblue="255" backgroundgreen="255" backgroundred="255" font="Dialog" foregroundblue="0" foregroundgreen="0" foregroundred="0" size="10" style="0" subscript="normal"/><N2 font="Dialog" size="10" style="0" subscript="normal"/></text><syntacticfeaturesets/><syntacticassociations/><starttraces/><endtraces/></syntacticstructure></syntacticstructure><syntacticstructure lineblue="0" linegreen="0" linered="0" string="1015357036" syntacticlevel="BAR"><text text="NP"><N0 backgroundblue="255" backgroundgreen="255" backgroundred="255" font="Dialog" foregroundblue="0" foregroundgreen="0" foregroundred="0" size="10" style="0" subscript="normal"/><N1 backgroundblue="255" backgroundgreen="255" backgroundred="255" font="Dialog" foregroundblue="0" foregroundgreen="0" foregroundred="0" size="10" style="0" subscript="normal"/></text><syntacticfeaturesets/><syntacticassociations/><starttraces/><endtraces/><syntacticstructure lineblue="0" linegreen="0" linered="0" string="167123241" syntacticlevel="HEAD"><text text="N"><N0 backgroundblue="255" backgroundgreen="255" backgroundred="255" font="Dialog" foregroundblue="0" foregroundgreen="0" foregroundred="0" size="10" style="0" subscript="normal"/></text><syntacticfeaturesets/><syntacticassociations/><starttraces/><endtraces/><syntacticstructure lineblue="0" linegreen="0" linered="0" string="979754312" syntacticlevel="MORPH"><text text="violencia "><N0 backgroundblue="255" backgroundgreen="255" backgroundred="255" font="Dialog" foregroundblue="0" foregroundgreen="0" foregroundred="0" size="10" style="0" subscript="normal"/><N1 backgroundblue="255" backgroundgreen="255" backgroundred="255" font="Dialog" foregroundblue="0" foregroundgreen="0" foregroundred="0" size="10" style="0" subscript="normal"/><N2 backgroundblue="255" backgroundgreen="255" backgroundred="255" font="Dialog" foregroundblue="0" foregroundgreen="0" foregroundred="0" size="10" style="0" subscript="normal"/><N3 backgroundblue="255" backgroundgreen="255" backgroundred="255" font="Dialog" foregroundblue="0" foregroundgreen="0" foregroundred="0" size="10" style="0" subscript="normal"/><N4 backgroundblue="255" backgroundgreen="255" backgroundred="255" font="Dialog" foregroundblue="0" foregroundgreen="0" foregroundred="0" size="10" style="0" subscript="normal"/><N5 backgroundblue="255" backgroundgreen="255" backgroundred="255" font="Dialog" foregroundblue="0" foregroundgreen="0" foregroundred="0" size="10" style="0" subscript="normal"/><N6 backgroundblue="255" backgroundgreen="255" backgroundred="255" font="Dialog" foregroundblue="0" foregroundgreen="0" foregroundred="0" size="10" style="0" subscript="normal"/><N7 backgroundblue="255" backgroundgreen="255" backgroundred="255" font="Dialog" foregroundblue="0" foregroundgreen="0" foregroundred="0" size="10" style="0" subscript="normal"/><N8 backgroundblue="255" backgroundgreen="255" backgroundred="255" font="Dialog" foregroundblue="0" foregroundgreen="0" foregroundred="0" size="10" style="0" subscript="normal"/><N9 font="Dialog" size="10" style="0" subscript="normal"/></text><syntacticfeaturesets/><syntacticassociations/><starttraces/><endtraces/></syntacticstructure></syntacticstructure><syntacticstructure lineblue="0" linegreen="0" linered="0" string="1129614966" syntacticlevel="HEAD"><text text="Adj "><N0 backgroundblue="255" backgroundgreen="255" backgroundred="255" font="Dialog" foregroundblue="0" foregroundgreen="0" foregroundred="0" size="10" style="0" subscript="normal"/><N1 backgroundblue="255" backgroundgreen="255" backgroundred="255" font="Dialog" foregroundblue="0" foregroundgreen="0" foregroundred="0" size="10" style="0" subscript="normal"/><N2 backgroundblue="255" backgroundgreen="255" backgroundred="255" font="Dialog" foregroundblue="0" foregroundgreen="0" foregroundred="0" size="10" style="0" subscript="normal"/><N3 font="Dialog" size="10" style="0" subscript="normal"/></text><syntacticfeaturesets/><syntacticassociations/><starttraces/><endtraces/><syntacticstructure lineblue="0" linegreen="0" linered="0" string="1463193102" syntacticlevel="MORPH"><text text="domestica "><N0 backgroundblue="255" backgroundgreen="255" backgroundred="255" font="Dialog" foregroundblue="0" foregroundgreen="0" foregroundred="0" size="10" style="0" subscript="normal"/><N1 backgroundblue="255" backgroundgreen="255" backgroundred="255" font="Dialog" foregroundblue="0" foregroundgreen="0" foregroundred="0" size="10" style="0" subscript="normal"/><N2 backgroundblue="255" backgroundgreen="255" backgroundred="255" font="Dialog" foregroundblue="0" foregroundgreen="0" foregroundred="0" size="10" style="0" subscript="normal"/><N3 backgroundblue="255" backgroundgreen="255" backgroundred="255" font="Dialog" foregroundblue="0" foregroundgreen="0" foregroundred="0" size="10" style="0" subscript="normal"/><N4 backgroundblue="255" backgroundgreen="255" backgroundred="255" font="Dialog" foregroundblue="0" foregroundgreen="0" foregroundred="0" size="10" style="0" subscript="normal"/><N5 backgroundblue="255" backgroundgreen="255" backgroundred="255" font="Dialog" foregroundblue="0" foregroundgreen="0" foregroundred="0" size="10" style="0" subscript="normal"/><N6 backgroundblue="255" backgroundgreen="255" backgroundred="255" font="Dialog" foregroundblue="0" foregroundgreen="0" foregroundred="0" size="10" style="0" subscript="normal"/><N7 backgroundblue="255" backgroundgreen="255" backgroundred="255" font="Dialog" foregroundblue="0" foregroundgreen="0" foregroundred="0" size="10" style="0" subscript="normal"/><N8 backgroundblue="255" backgroundgreen="255" backgroundred="255" font="Dialog" foregroundblue="0" foregroundgreen="0" foregroundred="0" size="10" style="0" subscript="normal"/><N9 font="Dialog" size="10" style="0" subscript="normal"/></text><syntacticfeaturesets/><syntacticassociations/><starttraces/><endtraces/></syntacticstructure></syntacticstructure></syntacticstructure></syntacticstructure></syntacticstructure></syntacticstructure></syntacticstructure></syntacticstructure></syntacticstructure></syntacticstructure></sentence>